app/build/intermediates/manifest_merge_blame_file/debug/manifest-merger-blame-debug-report.txt
1<?xml version="1.0" encoding="utf-8"?>
2<manifest xmlns:android="http://schemas.android.com/apk/res/android"
3    package="com.example.letsgo"
4    android:versionCode="1"
5    android:versionName="1.0" >
6
7    <uses-sdk
8        android:minSdkVersion="16"
8-->src/main/AndroidManifest.xml
9        android:targetSdkVersion="30" />
9-->src/main/AndroidManifest.xml
10
11    <uses-permission android:name="android.permission.INTERNET" />
11-->src/main/AndroidManifest.xml:5:5-67
11-->src/main/AndroidManifest.xml:5:22-64
12
13    <!-- Although the *SdkVersion is captured in gradle build files, this is required for non gradle builds -->
14    <!-- <uses-sdk android:minSdkVersion="14"/> -->
15    <uses-permission android:name="android.permission.ACCESS_NETWORK_STATE" />
15-->[com.google.firebase:firebase-database:19.2.0] AndroidManifest.xml:25:5-79
15-->[com.google.firebase:firebase-database:19.2.0] AndroidManifest.xml:25:22-76
16    <uses-permission android:name="android.permission.WAKE_LOCK" /> <!-- Required by older versions of Google Play services to create IID tokens -->
16-->[com.google.android.gms:play-services-measurement-api:17.2.1] AndroidManifest.xml:24:5-68
16-->[com.google.android.gms:play-services-measurement-api:17.2.1] AndroidManifest.xml:24:22-65
17    <uses-permission android:name="com.google.android.c2dm.permission.RECEIVE" />
17-->[com.google.firebase:firebase-iid:19.0.0] AndroidManifest.xml:26:5-82
17-->[com.google.firebase:firebase-iid:19.0.0] AndroidManifest.xml:26:22-79
18    <uses-permission android:name="com.google.android.finsky.permission.BIND_GET_INSTALL_REFERRER_SERVICE" />
18-->[com.google.android.gms:play-services-measurement:17.2.1] AndroidManifest.xml:26:5-110
18-->[com.google.android.gms:play-services-measurement:17.2.1] AndroidManifest.xml:26:22-107
19
20    <application
20-->src/main/AndroidManifest.xml:7:5-32:19
21        android:name="androidx.multidex.MultiDexApplication"
22        android:allowBackup="true"
22-->src/main/AndroidManifest.xml:8:9-35
23        android:appComponentFactory="androidx.core.app.CoreComponentFactory"
23-->[androidx.core:core:1.5.0] AndroidManifest.xml:24:18-86
24        android:debuggable="true"
25        android:icon="@mipmap/ic_launcher"
25-->src/main/AndroidManifest.xml:9:9-43
26        android:label="@string/app_name"
26-->src/main/AndroidManifest.xml:10:9-41
27        android:roundIcon="@mipmap/ic_launcher_round"
27-->src/main/AndroidManifest.xml:11:9-54
28        android:supportsRtl="true"
28-->src/main/AndroidManifest.xml:12:9-35
29        android:testOnly="true"
30        android:theme="@style/Theme.LetsGo" >
30-->src/main/AndroidManifest.xml:13:9-44
31        <activity
31-->src/main/AndroidManifest.xml:14:9-17:72
32            android:name="com.example.letsgo.Menu"
32-->src/main/AndroidManifest.xml:15:13-33
33            android:label="@string/title_activity_menu"
33-->src/main/AndroidManifest.xml:16:13-56
34            android:theme="@style/Theme.LetsGo.NoActionBar" />
34-->src/main/AndroidManifest.xml:17:13-60
35        <activity android:name="com.example.letsgo.ShowAllAnnonces" /> <!-- <activity android:name=".listAnnonces" /> -->
35-->src/main/AndroidManifest.xml:18:9-53
35-->src/main/AndroidManifest.xml:18:19-50
36        <activity android:name="com.example.letsgo.AddAnnonce" />
36-->src/main/AndroidManifest.xml:19:9-48
36-->src/main/AndroidManifest.xml:19:19-45
37        <activity android:name="com.example.letsgo.RegisterForm" />
37-->src/main/AndroidManifest.xml:20:9-50
37-->src/main/AndroidManifest.xml:20:19-47
38        <activity
38-->src/main/AndroidManifest.xml:21:9-24:54
39            android:name="com.example.letsgo.DetailsAnnonce"
39-->src/main/AndroidManifest.xml:22:13-43
40            android:label="Details Annonce"
40-->src/main/AndroidManifest.xml:23:13-44
41            android:parentActivityName="com.example.letsgo.Annonces" />
41-->src/main/AndroidManifest.xml:24:13-51
42        <activity android:name="com.example.letsgo.MainActivity" >
42-->src/main/AndroidManifest.xml:25:9-31:20
42-->src/main/AndroidManifest.xml:25:19-47
43            <intent-filter>
43-->src/main/AndroidManifest.xml:26:13-30:29
44                <action android:name="android.intent.action.MAIN" />
44-->src/main/AndroidManifest.xml:27:17-69
44-->src/main/AndroidManifest.xml:27:25-66
45
46                <category android:name="android.intent.category.LAUNCHER" />
46-->src/main/AndroidManifest.xml:29:17-77
46-->src/main/AndroidManifest.xml:29:27-74
47            </intent-filter>
48        </activity>
49
50        <service
50-->[com.google.firebase:firebase-database:19.2.0] AndroidManifest.xml:29:9-35:19
51            android:name="com.google.firebase.components.ComponentDiscoveryService"
51-->[com.google.firebase:firebase-database:19.2.0] AndroidManifest.xml:30:13-84
52            android:directBootAware="true"
52-->[com.google.firebase:firebase-common:19.2.0] AndroidManifest.xml:15:13-43
53            android:exported="false" >
53-->[com.google.firebase:firebase-database:19.2.0] AndroidManifest.xml:31:13-37
54            <meta-data
54-->[com.google.firebase:firebase-database:19.2.0] AndroidManifest.xml:32:13-34:85
55                android:name="com.google.firebase.components:com.google.firebase.database.DatabaseRegistrar"
55-->[com.google.firebase:firebase-database:19.2.0] AndroidManifest.xml:33:17-109
56                android:value="com.google.firebase.components.ComponentRegistrar" />
56-->[com.google.firebase:firebase-database:19.2.0] AndroidManifest.xml:34:17-82
57            <meta-data
57-->[com.google.android.gms:play-services-measurement-api:17.2.1] AndroidManifest.xml:30:13-32:85
58                android:name="com.google.firebase.components:com.google.firebase.analytics.connector.internal.AnalyticsConnectorRegistrar"
58-->[com.google.android.gms:play-services-measurement-api:17.2.1] AndroidManifest.xml:31:17-139
59                android:value="com.google.firebase.components.ComponentRegistrar" />
59-->[com.google.android.gms:play-services-measurement-api:17.2.1] AndroidManifest.xml:32:17-82
60            <meta-data
60-->[com.google.firebase:firebase-iid:19.0.0] AndroidManifest.xml:32:13-34:85
61                android:name="com.google.firebase.components:com.google.firebase.iid.Registrar"
61-->[com.google.firebase:firebase-iid:19.0.0] AndroidManifest.xml:33:17-96
62                android:value="com.google.firebase.components.ComponentRegistrar" />
62-->[com.google.firebase:firebase-iid:19.0.0] AndroidManifest.xml:34:17-82
63        </service>
64
65        <receiver
65-->[com.google.firebase:firebase-iid:19.0.0] AndroidManifest.xml:37:9-44:20
66            android:name="com.google.firebase.iid.FirebaseInstanceIdReceiver"
66-->[com.google.firebase:firebase-iid:19.0.0] AndroidManifest.xml:38:13-78
67            android:exported="true"
67-->[com.google.firebase:firebase-iid:19.0.0] AndroidManifest.xml:39:13-36
68            android:permission="com.google.android.c2dm.permission.SEND" >
68-->[com.google.firebase:firebase-iid:19.0.0] AndroidManifest.xml:40:13-73
69            <intent-filter>
69-->[com.google.firebase:firebase-iid:19.0.0] AndroidManifest.xml:41:13-43:29
70                <action android:name="com.google.android.c2dm.intent.RECEIVE" />
70-->[com.google.firebase:firebase-iid:19.0.0] AndroidManifest.xml:42:17-81
70-->[com.google.firebase:firebase-iid:19.0.0] AndroidManifest.xml:42:25-78
71            </intent-filter>
72        </receiver>
73
74        <activity
74-->[com.google.android.gms:play-services-base:17.0.0] AndroidManifest.xml:23:9-26:75
75            android:name="com.google.android.gms.common.api.GoogleApiActivity"
75-->[com.google.android.gms:play-services-base:17.0.0] AndroidManifest.xml:24:13-79
76            android:exported="false"
76-->[com.google.android.gms:play-services-base:17.0.0] AndroidManifest.xml:25:13-37
77            android:theme="@android:style/Theme.Translucent.NoTitleBar" />
77-->[com.google.android.gms:play-services-base:17.0.0] AndroidManifest.xml:26:13-72
78
79        <receiver
79-->[com.google.android.gms:play-services-measurement:17.2.1] AndroidManifest.xml:29:9-33:20
80            android:name="com.google.android.gms.measurement.AppMeasurementReceiver"
80-->[com.google.android.gms:play-services-measurement:17.2.1] AndroidManifest.xml:30:13-85
81            android:enabled="true"
81-->[com.google.android.gms:play-services-measurement:17.2.1] AndroidManifest.xml:31:13-35
82            android:exported="false" >
82-->[com.google.android.gms:play-services-measurement:17.2.1] AndroidManifest.xml:32:13-37
83        </receiver>
84        <receiver
84-->[com.google.android.gms:play-services-measurement:17.2.1] AndroidManifest.xml:34:9-42:20
85            android:name="com.google.android.gms.measurement.AppMeasurementInstallReferrerReceiver"
85-->[com.google.android.gms:play-services-measurement:17.2.1] AndroidManifest.xml:35:13-100
86            android:enabled="true"
86-->[com.google.android.gms:play-services-measurement:17.2.1] AndroidManifest.xml:36:13-35
87            android:exported="true"
87-->[com.google.android.gms:play-services-measurement:17.2.1] AndroidManifest.xml:37:13-36
88            android:permission="android.permission.INSTALL_PACKAGES" >
88-->[com.google.android.gms:play-services-measurement:17.2.1] AndroidManifest.xml:38:13-69
89            <intent-filter>
89-->[com.google.android.gms:play-services-measurement:17.2.1] AndroidManifest.xml:39:13-41:29
90                <action android:name="com.android.vending.INSTALL_REFERRER" />
90-->[com.google.android.gms:play-services-measurement:17.2.1] AndroidManifest.xml:40:17-79
90-->[com.google.android.gms:play-services-measurement:17.2.1] AndroidManifest.xml:40:25-76
91            </intent-filter>
92        </receiver>
93
94        <service
94-->[com.google.android.gms:play-services-measurement:17.2.1] AndroidManifest.xml:44:9-47:40
95            android:name="com.google.android.gms.measurement.AppMeasurementService"
95-->[com.google.android.gms:play-services-measurement:17.2.1] AndroidManifest.xml:45:13-84
96            android:enabled="true"
96-->[com.google.android.gms:play-services-measurement:17.2.1] AndroidManifest.xml:46:13-35
97            android:exported="false" />
97-->[com.google.android.gms:play-services-measurement:17.2.1] AndroidManifest.xml:47:13-37
98        <service
98-->[com.google.android.gms:play-services-measurement:17.2.1] AndroidManifest.xml:48:9-52:72
99            android:name="com.google.android.gms.measurement.AppMeasurementJobService"
99-->[com.google.android.gms:play-services-measurement:17.2.1] AndroidManifest.xml:49:13-87
100            android:enabled="true"
100-->[com.google.android.gms:play-services-measurement:17.2.1] AndroidManifest.xml:50:13-35
101            android:exported="false"
101-->[com.google.android.gms:play-services-measurement:17.2.1] AndroidManifest.xml:51:13-37
102            android:permission="android.permission.BIND_JOB_SERVICE" />
102-->[com.google.android.gms:play-services-measurement:17.2.1] AndroidManifest.xml:52:13-69
103
104        <provider
104-->[com.google.firebase:firebase-common:19.2.0] AndroidManifest.xml:19:9-23:39
105            android:name="com.google.firebase.provider.FirebaseInitProvider"
105-->[com.google.firebase:firebase-common:19.2.0] AndroidManifest.xml:20:13-77
106            android:authorities="com.example.letsgo.firebaseinitprovider"
106-->[com.google.firebase:firebase-common:19.2.0] AndroidManifest.xml:21:13-72
107            android:exported="false"
107-->[com.google.firebase:firebase-common:19.2.0] AndroidManifest.xml:22:13-37
108            android:initOrder="100" />
108-->[com.google.firebase:firebase-common:19.2.0] AndroidManifest.xml:23:13-36
109
110        <meta-data
110-->[com.google.android.gms:play-services-basement:17.0.0] AndroidManifest.xml:23:9-25:69
111            android:name="com.google.android.gms.version"
111-->[com.google.android.gms:play-services-basement:17.0.0] AndroidManifest.xml:24:13-58
112            android:value="@integer/google_play_services_version" />
112-->[com.google.android.gms:play-services-basement:17.0.0] AndroidManifest.xml:25:13-66
113    </application>
114
115</manifest>